{"level":"info","ts":"2026-03-16T00:00:28.205+0800","caller":"home/main.go:50","msg":"pprof listen","address":":7061"}
{"level":"info","ts":"2026-03-16T00:00:28.230+0800","caller":"rpc/forward.go:90","msg":"[game.forward.register] success","num":5}
{"level":"info","ts":"2026-03-16T00:00:28.230+0800","caller":"node/nodeImp.go:37","msg":"[gate] create success","id":2000,"node":"home-1","version":0}
{"level":"info","ts":"2026-03-16T00:00:33.241+0800","caller":"server/serverImp.go:79","msg":"etcd Register==","address=":"tcp@172.28.112.1:56352","etcd =":[":12379",":22329",":32329"]}
{"level":"info","ts":"2026-03-16T00:00:33.288+0800","caller":"node/rpc.go:35","msg":"[initRPC] server start","info":"home-1(id: 2000)[version: 0][listen: tcp@172.28.112.1:56352]"}
{"level":"info","ts":"2026-03-16T00:00:33.288+0800","caller":"node/nodeImp.go:86","msg":"[account] started"}
{"level":"info","ts":"2026-03-16T00:00:51.329+0800","caller":"node/nodeImp.go:109","msg":"received signal: interrupt"}
{"level":"info","ts":"2026-03-16T00:00:51.329+0800","caller":"node/nodeImp.go:113","msg":"close signal .. shufhown server .."}
{"level":"info","ts":"2026-03-16T00:00:51.336+0800","caller":"node/nodeImp.go:98","msg":"[account] closed"}
{"level":"info","ts":"2026-03-16T00:00:51.336+0800","caller":"node/nodeImp.go:135","msg":"service: home-1(2000) closed successfully"}
{"level":"info","ts":"2026-03-16T00:00:51.336+0800","caller":"node/nodeImp.go:137","msg":"all services closed"}
{"level":"info","ts":"2026-03-16T23:59:06.100+0800","caller":"home/main.go:50","msg":"pprof listen","address":":7061"}
{"level":"info","ts":"2026-03-16T23:59:06.125+0800","caller":"rpc/forward.go:90","msg":"[game.forward.register] success","num":5}
{"level":"info","ts":"2026-03-16T23:59:06.125+0800","caller":"node/nodeImp.go:37","msg":"[gate] create success","id":2000,"node":"home-1","version":0}
{"level":"info","ts":"2026-03-16T23:59:11.137+0800","caller":"server/serverImp.go:79","msg":"etcd Register==","address=":"tcp@172.28.112.1:56640","etcd =":[":12379",":22329",":32329"]}
{"level":"info","ts":"2026-03-16T23:59:11.151+0800","caller":"node/rpc.go:35","msg":"[initRPC] server start","info":"home-1(id: 2000)[version: 0][listen: tcp@172.28.112.1:56640]"}
{"level":"info","ts":"2026-03-16T23:59:11.151+0800","caller":"node/nodeImp.go:86","msg":"[account] started"}
{"level":"info","ts":"2026-03-17T00:00:53.631+0800","caller":"node/nodeImp.go:109","msg":"received signal: interrupt"}
{"level":"info","ts":"2026-03-17T00:00:53.631+0800","caller":"node/nodeImp.go:113","msg":"close signal .. shufhown server .."}
{"level":"info","ts":"2026-03-17T00:00:53.639+0800","caller":"node/nodeImp.go:98","msg":"[account] closed"}
{"level":"info","ts":"2026-03-17T00:00:53.639+0800","caller":"node/nodeImp.go:135","msg":"service: home-1(2000) closed successfully"}
{"level":"info","ts":"2026-03-17T00:00:53.639+0800","caller":"node/nodeImp.go:137","msg":"all services closed"}
